2017-08-14 23:22:42 : INFO : /Users/gowthamramesh/Documents/MyProjects/jarvis/main.py#90 : User entered : add milk, bread, grocery and vegetables to my list
2017-08-14 23:22:42 : INFO : /Users/gowthamramesh/Documents/MyProjects/jarvis/main.py#91 : Processing User input
2017-08-14 23:23:07 : INFO : /Users/gowthamramesh/Documents/MyProjects/jarvis/main.py#90 : User entered : who is Barack Obama?
2017-08-14 23:23:07 : INFO : /Users/gowthamramesh/Documents/MyProjects/jarvis/main.py#91 : Processing User input
2017-08-14 23:23:07 : DEBUG : /Library/Python/2.7/site-packages/urllib3/connectionpool.py#208 : Starting new HTTP connection (1): en.wikipedia.org
2017-08-14 23:23:07 : DEBUG : /Library/Python/2.7/site-packages/urllib3/connectionpool.py#396 : http://en.wikipedia.org:80 "GET /w/api.php?srinfo=suggestion&srsearch=barack+obama&format=json&srlimit=1&list=search&srprop=&limit=1&action=query HTTP/1.1" 301 0
2017-08-14 23:23:07 : DEBUG : /Library/Python/2.7/site-packages/urllib3/connectionpool.py#824 : Starting new HTTPS connection (1): en.wikipedia.org
2017-08-14 23:23:08 : DEBUG : /Library/Python/2.7/site-packages/urllib3/connectionpool.py#396 : https://en.wikipedia.org:443 "GET /w/api.php?srinfo=suggestion&srsearch=barack+obama&format=json&srlimit=1&list=search&srprop=&limit=1&action=query HTTP/1.1" 200 156
2017-08-14 23:23:08 : DEBUG : /Library/Python/2.7/site-packages/urllib3/connectionpool.py#208 : Starting new HTTP connection (1): en.wikipedia.org
2017-08-14 23:23:08 : DEBUG : /Library/Python/2.7/site-packages/urllib3/connectionpool.py#396 : http://en.wikipedia.org:80 "GET /w/api.php?inprop=url&redirects=&format=json&ppprop=disambiguation&prop=info%7Cpageprops&titles=Barack+Obama&action=query HTTP/1.1" 301 0
2017-08-14 23:23:08 : DEBUG : /Library/Python/2.7/site-packages/urllib3/connectionpool.py#824 : Starting new HTTPS connection (1): en.wikipedia.org
2017-08-14 23:23:08 : DEBUG : /Library/Python/2.7/site-packages/urllib3/connectionpool.py#396 : https://en.wikipedia.org:443 "GET /w/api.php?inprop=url&redirects=&format=json&ppprop=disambiguation&prop=info%7Cpageprops&titles=Barack+Obama&action=query HTTP/1.1" 200 273
2017-08-14 23:23:08 : DEBUG : /Library/Python/2.7/site-packages/urllib3/connectionpool.py#208 : Starting new HTTP connection (1): en.wikipedia.org
2017-08-14 23:23:08 : DEBUG : /Library/Python/2.7/site-packages/urllib3/connectionpool.py#396 : http://en.wikipedia.org:80 "GET /w/api.php?format=json&exsentences=4&prop=extracts&titles=Barack+Obama&action=query&explaintext= HTTP/1.1" 301 0
2017-08-14 23:23:08 : DEBUG : /Library/Python/2.7/site-packages/urllib3/connectionpool.py#824 : Starting new HTTPS connection (1): en.wikipedia.org
2017-08-14 23:23:09 : DEBUG : /Library/Python/2.7/site-packages/urllib3/connectionpool.py#396 : https://en.wikipedia.org:443 "GET /w/api.php?format=json&exsentences=4&prop=extracts&titles=Barack+Obama&action=query&explaintext= HTTP/1.1" 200 451
2017-08-14 23:23:22 : INFO : /Users/gowthamramesh/Documents/MyProjects/jarvis/main.py#90 : User entered : who is Tom Cruise>
2017-08-14 23:23:22 : INFO : /Users/gowthamramesh/Documents/MyProjects/jarvis/main.py#91 : Processing User input
2017-08-14 23:23:23 : DEBUG : /Library/Python/2.7/site-packages/urllib3/connectionpool.py#208 : Starting new HTTP connection (1): en.wikipedia.org
2017-08-14 23:23:23 : DEBUG : /Library/Python/2.7/site-packages/urllib3/connectionpool.py#396 : http://en.wikipedia.org:80 "GET /w/api.php?srinfo=suggestion&srsearch=tom+cruise&format=json&srlimit=1&list=search&srprop=&limit=1&action=query HTTP/1.1" 301 0
2017-08-14 23:23:23 : DEBUG : /Library/Python/2.7/site-packages/urllib3/connectionpool.py#824 : Starting new HTTPS connection (1): en.wikipedia.org
2017-08-14 23:23:23 : DEBUG : /Library/Python/2.7/site-packages/urllib3/connectionpool.py#396 : https://en.wikipedia.org:443 "GET /w/api.php?srinfo=suggestion&srsearch=tom+cruise&format=json&srlimit=1&list=search&srprop=&limit=1&action=query HTTP/1.1" 200 153
2017-08-14 23:23:23 : DEBUG : /Library/Python/2.7/site-packages/urllib3/connectionpool.py#208 : Starting new HTTP connection (1): en.wikipedia.org
2017-08-14 23:23:23 : DEBUG : /Library/Python/2.7/site-packages/urllib3/connectionpool.py#396 : http://en.wikipedia.org:80 "GET /w/api.php?inprop=url&redirects=&format=json&ppprop=disambiguation&prop=info%7Cpageprops&titles=Tom+Cruise&action=query HTTP/1.1" 301 0
2017-08-14 23:23:23 : DEBUG : /Library/Python/2.7/site-packages/urllib3/connectionpool.py#824 : Starting new HTTPS connection (1): en.wikipedia.org
2017-08-14 23:23:24 : DEBUG : /Library/Python/2.7/site-packages/urllib3/connectionpool.py#396 : https://en.wikipedia.org:443 "GET /w/api.php?inprop=url&redirects=&format=json&ppprop=disambiguation&prop=info%7Cpageprops&titles=Tom+Cruise&action=query HTTP/1.1" 200 266
2017-08-14 23:23:24 : DEBUG : /Library/Python/2.7/site-packages/urllib3/connectionpool.py#208 : Starting new HTTP connection (1): en.wikipedia.org
2017-08-14 23:23:24 : DEBUG : /Library/Python/2.7/site-packages/urllib3/connectionpool.py#396 : http://en.wikipedia.org:80 "GET /w/api.php?format=json&exsentences=4&prop=extracts&titles=Tom+Cruise&action=query&explaintext= HTTP/1.1" 301 0
2017-08-14 23:23:24 : DEBUG : /Library/Python/2.7/site-packages/urllib3/connectionpool.py#824 : Starting new HTTPS connection (1): en.wikipedia.org
2017-08-14 23:23:24 : DEBUG : /Library/Python/2.7/site-packages/urllib3/connectionpool.py#396 : https://en.wikipedia.org:443 "GET /w/api.php?format=json&exsentences=4&prop=extracts&titles=Tom+Cruise&action=query&explaintext= HTTP/1.1" 200 433
2017-08-14 23:23:38 : INFO : /Users/gowthamramesh/Documents/MyProjects/jarvis/main.py#90 : User entered : Can you tell me about Donald Trump?
2017-08-14 23:23:38 : INFO : /Users/gowthamramesh/Documents/MyProjects/jarvis/main.py#91 : Processing User input
2017-08-14 23:23:52 : INFO : /Users/gowthamramesh/Documents/MyProjects/jarvis/main.py#90 : User entered : do you know who is Donald Trump?
2017-08-14 23:23:52 : INFO : /Users/gowthamramesh/Documents/MyProjects/jarvis/main.py#91 : Processing User input
2017-08-14 23:23:53 : DEBUG : /Library/Python/2.7/site-packages/urllib3/connectionpool.py#208 : Starting new HTTP connection (1): en.wikipedia.org
2017-08-14 23:23:53 : DEBUG : /Library/Python/2.7/site-packages/urllib3/connectionpool.py#396 : http://en.wikipedia.org:80 "GET /w/api.php?srinfo=suggestion&srsearch=donald+trump&format=json&srlimit=1&list=search&srprop=&limit=1&action=query HTTP/1.1" 301 0
2017-08-14 23:23:53 : DEBUG : /Library/Python/2.7/site-packages/urllib3/connectionpool.py#824 : Starting new HTTPS connection (1): en.wikipedia.org
2017-08-14 23:23:53 : DEBUG : /Library/Python/2.7/site-packages/urllib3/connectionpool.py#396 : https://en.wikipedia.org:443 "GET /w/api.php?srinfo=suggestion&srsearch=donald+trump&format=json&srlimit=1&list=search&srprop=&limit=1&action=query HTTP/1.1" 200 155
2017-08-14 23:23:53 : DEBUG : /Library/Python/2.7/site-packages/urllib3/connectionpool.py#208 : Starting new HTTP connection (1): en.wikipedia.org
2017-08-14 23:23:53 : DEBUG : /Library/Python/2.7/site-packages/urllib3/connectionpool.py#396 : http://en.wikipedia.org:80 "GET /w/api.php?inprop=url&redirects=&format=json&ppprop=disambiguation&prop=info%7Cpageprops&titles=Donald+Trump&action=query HTTP/1.1" 301 0
2017-08-14 23:23:54 : DEBUG : /Library/Python/2.7/site-packages/urllib3/connectionpool.py#824 : Starting new HTTPS connection (1): en.wikipedia.org
2017-08-14 23:23:54 : DEBUG : /Library/Python/2.7/site-packages/urllib3/connectionpool.py#396 : https://en.wikipedia.org:443 "GET /w/api.php?inprop=url&redirects=&format=json&ppprop=disambiguation&prop=info%7Cpageprops&titles=Donald+Trump&action=query HTTP/1.1" 200 272
2017-08-14 23:23:54 : DEBUG : /Library/Python/2.7/site-packages/urllib3/connectionpool.py#208 : Starting new HTTP connection (1): en.wikipedia.org
2017-08-14 23:23:54 : DEBUG : /Library/Python/2.7/site-packages/urllib3/connectionpool.py#396 : http://en.wikipedia.org:80 "GET /w/api.php?format=json&exsentences=4&prop=extracts&titles=Donald+Trump&action=query&explaintext= HTTP/1.1" 301 0
2017-08-14 23:23:54 : DEBUG : /Library/Python/2.7/site-packages/urllib3/connectionpool.py#824 : Starting new HTTPS connection (1): en.wikipedia.org
2017-08-14 23:23:54 : DEBUG : /Library/Python/2.7/site-packages/urllib3/connectionpool.py#396 : https://en.wikipedia.org:443 "GET /w/api.php?format=json&exsentences=4&prop=extracts&titles=Donald+Trump&action=query&explaintext= HTTP/1.1" 200 390
2017-08-14 23:24:12 : INFO : /Users/gowthamramesh/Documents/MyProjects/jarvis/main.py#90 : User entered : Send an email to gowthamramesh@hotmail.com
2017-08-14 23:24:12 : INFO : /Users/gowthamramesh/Documents/MyProjects/jarvis/main.py#91 : Processing User input
2017-08-14 23:24:12 : WARNING : /Library/Python/2.7/site-packages/googleapiclient/discovery_cache/__init__.py#44 : file_cache is unavailable when using oauth2client >= 4.0.0
Traceback (most recent call last):
  File "/Library/Python/2.7/site-packages/googleapiclient/discovery_cache/__init__.py", line 41, in autodetect
    from . import file_cache
  File "/Library/Python/2.7/site-packages/googleapiclient/discovery_cache/file_cache.py", line 41, in <module>
    'file_cache is unavailable when using oauth2client >= 4.0.0')
ImportError: file_cache is unavailable when using oauth2client >= 4.0.0
2017-08-14 23:24:12 : INFO : /Library/Python/2.7/site-packages/googleapiclient/discovery.py#273 : URL being requested: GET https://www.googleapis.com/discovery/v1/apis/gmail/v1/rest
2017-08-14 23:24:50 : INFO : /Library/Python/2.7/site-packages/googleapiclient/discovery.py#863 : URL being requested: POST https://www.googleapis.com/gmail/v1/users/me/messages/send?alt=json
2017-08-14 23:25:26 : INFO : /Users/gowthamramesh/Documents/MyProjects/jarvis/main.py#90 : User entered : send email to shendge.anurag@gmail.com
2017-08-14 23:25:26 : INFO : /Users/gowthamramesh/Documents/MyProjects/jarvis/main.py#91 : Processing User input
2017-08-14 23:25:26 : WARNING : /Library/Python/2.7/site-packages/googleapiclient/discovery_cache/__init__.py#44 : file_cache is unavailable when using oauth2client >= 4.0.0
Traceback (most recent call last):
  File "/Library/Python/2.7/site-packages/googleapiclient/discovery_cache/__init__.py", line 41, in autodetect
    from . import file_cache
  File "/Library/Python/2.7/site-packages/googleapiclient/discovery_cache/file_cache.py", line 41, in <module>
    'file_cache is unavailable when using oauth2client >= 4.0.0')
ImportError: file_cache is unavailable when using oauth2client >= 4.0.0
2017-08-14 23:25:26 : INFO : /Library/Python/2.7/site-packages/googleapiclient/discovery.py#273 : URL being requested: GET https://www.googleapis.com/discovery/v1/apis/gmail/v1/rest
2017-08-14 23:26:07 : INFO : /Library/Python/2.7/site-packages/googleapiclient/discovery.py#863 : URL being requested: POST https://www.googleapis.com/gmail/v1/users/me/messages/send?alt=json
